{"/Users/Kamaleshen_S/codeAcademy/frontend/eval-4/backend/database/models/collectionvalue.js": {"path":"/Users/Kamaleshen_S/codeAcademy/frontend/eval-4/backend/database/models/collectionvalue.js","statementMap":{"0":{"start":{"line":4,"column":4},"end":{"line":4,"column":24}},"1":{"start":{"line":5,"column":0},"end":{"line":28,"column":2}},"2":{"start":{"line":14,"column":6},"end":{"line":17,"column":9}},"3":{"start":{"line":20,"column":2},"end":{"line":26,"column":5}},"4":{"start":{"line":27,"column":2},"end":{"line":27,"column":25}}},"fnMap":{"0":{"name":"(anonymous_0)","decl":{"start":{"line":5,"column":17},"end":{"line":5,"column":18}},"loc":{"start":{"line":5,"column":43},"end":{"line":28,"column":1}},"line":5},"1":{"name":"(anonymous_1)","decl":{"start":{"line":12,"column":4},"end":{"line":12,"column":5}},"loc":{"start":{"line":12,"column":29},"end":{"line":18,"column":5}},"line":12}},"branchMap":{},"s":{"0":2,"1":2,"2":2,"3":2,"4":2},"f":{"0":2,"1":2},"b":{},"_coverageSchema":"1a1c01bbd47fc00a2c39e90264f33305004495a9","hash":"2c3e4a48bc9e02659ac94312c838f8be2ad264f2"}
,"/Users/Kamaleshen_S/codeAcademy/frontend/eval-4/backend/database/models/contenttype.js": {"path":"/Users/Kamaleshen_S/codeAcademy/frontend/eval-4/backend/database/models/contenttype.js","statementMap":{"0":{"start":{"line":4,"column":4},"end":{"line":4,"column":24}},"1":{"start":{"line":5,"column":0},"end":{"line":30,"column":2}},"2":{"start":{"line":14,"column":6},"end":{"line":16,"column":9}},"3":{"start":{"line":19,"column":2},"end":{"line":28,"column":5}},"4":{"start":{"line":29,"column":2},"end":{"line":29,"column":21}}},"fnMap":{"0":{"name":"(anonymous_0)","decl":{"start":{"line":5,"column":17},"end":{"line":5,"column":18}},"loc":{"start":{"line":5,"column":43},"end":{"line":30,"column":1}},"line":5},"1":{"name":"(anonymous_1)","decl":{"start":{"line":12,"column":4},"end":{"line":12,"column":5}},"loc":{"start":{"line":12,"column":29},"end":{"line":17,"column":5}},"line":12}},"branchMap":{},"s":{"0":2,"1":2,"2":2,"3":2,"4":2},"f":{"0":2,"1":2},"b":{},"_coverageSchema":"1a1c01bbd47fc00a2c39e90264f33305004495a9","hash":"93388b0d8a7069d99a058fd507bbf5e47fa62171"}
,"/Users/Kamaleshen_S/codeAcademy/frontend/eval-4/backend/database/models/index.js": {"path":"/Users/Kamaleshen_S/codeAcademy/frontend/eval-4/backend/database/models/index.js","statementMap":{"0":{"start":{"line":3,"column":11},"end":{"line":3,"column":24}},"1":{"start":{"line":4,"column":13},"end":{"line":4,"column":28}},"2":{"start":{"line":5,"column":18},"end":{"line":5,"column":38}},"3":{"start":{"line":6,"column":16},"end":{"line":6,"column":34}},"4":{"start":{"line":7,"column":17},"end":{"line":7,"column":42}},"5":{"start":{"line":8,"column":12},"end":{"line":8,"column":49}},"6":{"start":{"line":9,"column":15},"end":{"line":9,"column":65}},"7":{"start":{"line":10,"column":11},"end":{"line":10,"column":13}},"8":{"start":{"line":13,"column":0},"end":{"line":17,"column":1}},"9":{"start":{"line":14,"column":2},"end":{"line":14,"column":74}},"10":{"start":{"line":16,"column":2},"end":{"line":16,"column":87}},"11":{"start":{"line":19,"column":0},"end":{"line":32,"column":5}},"12":{"start":{"line":22,"column":4},"end":{"line":27,"column":6}},"13":{"start":{"line":30,"column":18},"end":{"line":30,"column":85}},"14":{"start":{"line":31,"column":4},"end":{"line":31,"column":27}},"15":{"start":{"line":34,"column":0},"end":{"line":38,"column":3}},"16":{"start":{"line":35,"column":2},"end":{"line":37,"column":3}},"17":{"start":{"line":36,"column":4},"end":{"line":36,"column":32}},"18":{"start":{"line":40,"column":0},"end":{"line":40,"column":25}},"19":{"start":{"line":41,"column":0},"end":{"line":41,"column":25}},"20":{"start":{"line":43,"column":0},"end":{"line":43,"column":20}}},"fnMap":{"0":{"name":"(anonymous_0)","decl":{"start":{"line":21,"column":10},"end":{"line":21,"column":11}},"loc":{"start":{"line":21,"column":18},"end":{"line":28,"column":3}},"line":21},"1":{"name":"(anonymous_1)","decl":{"start":{"line":29,"column":11},"end":{"line":29,"column":12}},"loc":{"start":{"line":29,"column":19},"end":{"line":32,"column":3}},"line":29},"2":{"name":"(anonymous_2)","decl":{"start":{"line":34,"column":24},"end":{"line":34,"column":25}},"loc":{"start":{"line":34,"column":37},"end":{"line":38,"column":1}},"line":34}},"branchMap":{"0":{"loc":{"start":{"line":8,"column":12},"end":{"line":8,"column":49}},"type":"binary-expr","locations":[{"start":{"line":8,"column":12},"end":{"line":8,"column":32}},{"start":{"line":8,"column":36},"end":{"line":8,"column":49}}],"line":8},"1":{"loc":{"start":{"line":13,"column":0},"end":{"line":17,"column":1}},"type":"if","locations":[{"start":{"line":13,"column":0},"end":{"line":17,"column":1}},{"start":{"line":15,"column":7},"end":{"line":17,"column":1}}],"line":13},"2":{"loc":{"start":{"line":23,"column":6},"end":{"line":26,"column":37}},"type":"binary-expr","locations":[{"start":{"line":23,"column":6},"end":{"line":23,"column":29}},{"start":{"line":24,"column":6},"end":{"line":24,"column":23}},{"start":{"line":25,"column":6},"end":{"line":25,"column":30}},{"start":{"line":26,"column":6},"end":{"line":26,"column":37}}],"line":23},"3":{"loc":{"start":{"line":35,"column":2},"end":{"line":37,"column":3}},"type":"if","locations":[{"start":{"line":35,"column":2},"end":{"line":37,"column":3}},{"start":{},"end":{}}],"line":35}},"s":{"0":2,"1":2,"2":2,"3":2,"4":2,"5":2,"6":2,"7":2,"8":2,"9":0,"10":2,"11":2,"12":6,"13":4,"14":4,"15":2,"16":4,"17":4,"18":2,"19":2,"20":2},"f":{"0":6,"1":4,"2":4},"b":{"0":[2,0],"1":[0,2],"2":[6,6,4,4],"3":[4,0]},"_coverageSchema":"1a1c01bbd47fc00a2c39e90264f33305004495a9","hash":"779068bb1d50f288d7f9461c1a6c7fe3da47567a"}
,"/Users/Kamaleshen_S/codeAcademy/frontend/eval-4/backend/src/controllers/createContentType.js": {"path":"/Users/Kamaleshen_S/codeAcademy/frontend/eval-4/backend/src/controllers/createContentType.js","statementMap":{"0":{"start":{"line":1,"column":17},"end":{"line":1,"column":54}},"1":{"start":{"line":2,"column":18},"end":{"line":2,"column":47}},"2":{"start":{"line":4,"column":26},"end":{"line":17,"column":1}},"3":{"start":{"line":5,"column":2},"end":{"line":16,"column":3}},"4":{"start":{"line":7,"column":17},"end":{"line":7,"column":25}},"5":{"start":{"line":8,"column":19},"end":{"line":8,"column":64}},"6":{"start":{"line":9,"column":4},"end":{"line":9,"column":46}},"7":{"start":{"line":11,"column":4},"end":{"line":15,"column":5}},"8":{"start":{"line":12,"column":6},"end":{"line":12,"column":62}},"9":{"start":{"line":14,"column":6},"end":{"line":14,"column":55}},"10":{"start":{"line":19,"column":23},"end":{"line":31,"column":1}},"11":{"start":{"line":20,"column":2},"end":{"line":30,"column":3}},"12":{"start":{"line":21,"column":17},"end":{"line":21,"column":25}},"13":{"start":{"line":22,"column":19},"end":{"line":22,"column":66}},"14":{"start":{"line":23,"column":4},"end":{"line":23,"column":46}},"15":{"start":{"line":25,"column":4},"end":{"line":29,"column":5}},"16":{"start":{"line":26,"column":6},"end":{"line":26,"column":62}},"17":{"start":{"line":28,"column":6},"end":{"line":28,"column":55}},"18":{"start":{"line":33,"column":31},"end":{"line":44,"column":1}},"19":{"start":{"line":34,"column":2},"end":{"line":43,"column":3}},"20":{"start":{"line":35,"column":19},"end":{"line":35,"column":58}},"21":{"start":{"line":36,"column":4},"end":{"line":36,"column":46}},"22":{"start":{"line":38,"column":4},"end":{"line":42,"column":5}},"23":{"start":{"line":39,"column":6},"end":{"line":39,"column":62}},"24":{"start":{"line":41,"column":6},"end":{"line":41,"column":55}},"25":{"start":{"line":46,"column":40},"end":{"line":58,"column":1}},"26":{"start":{"line":47,"column":2},"end":{"line":57,"column":3}},"27":{"start":{"line":48,"column":17},"end":{"line":48,"column":45}},"28":{"start":{"line":49,"column":19},"end":{"line":49,"column":55}},"29":{"start":{"line":50,"column":4},"end":{"line":50,"column":46}},"30":{"start":{"line":52,"column":4},"end":{"line":56,"column":5}},"31":{"start":{"line":53,"column":6},"end":{"line":53,"column":62}},"32":{"start":{"line":55,"column":6},"end":{"line":55,"column":55}},"33":{"start":{"line":60,"column":32},"end":{"line":72,"column":1}},"34":{"start":{"line":61,"column":2},"end":{"line":71,"column":3}},"35":{"start":{"line":62,"column":33},"end":{"line":62,"column":54}},"36":{"start":{"line":63,"column":19},"end":{"line":63,"column":68}},"37":{"start":{"line":64,"column":4},"end":{"line":64,"column":46}},"38":{"start":{"line":66,"column":4},"end":{"line":70,"column":5}},"39":{"start":{"line":67,"column":6},"end":{"line":67,"column":62}},"40":{"start":{"line":69,"column":6},"end":{"line":69,"column":55}},"41":{"start":{"line":74,"column":35},"end":{"line":86,"column":1}},"42":{"start":{"line":75,"column":2},"end":{"line":85,"column":3}},"43":{"start":{"line":76,"column":33},"end":{"line":76,"column":41}},"44":{"start":{"line":77,"column":19},"end":{"line":77,"column":71}},"45":{"start":{"line":78,"column":4},"end":{"line":78,"column":46}},"46":{"start":{"line":80,"column":4},"end":{"line":84,"column":5}},"47":{"start":{"line":81,"column":6},"end":{"line":81,"column":62}},"48":{"start":{"line":83,"column":6},"end":{"line":83,"column":55}},"49":{"start":{"line":88,"column":29},"end":{"line":100,"column":1}},"50":{"start":{"line":89,"column":2},"end":{"line":99,"column":3}},"51":{"start":{"line":90,"column":28},"end":{"line":90,"column":38}},"52":{"start":{"line":91,"column":19},"end":{"line":91,"column":61}},"53":{"start":{"line":92,"column":4},"end":{"line":92,"column":46}},"54":{"start":{"line":94,"column":4},"end":{"line":98,"column":5}},"55":{"start":{"line":95,"column":6},"end":{"line":95,"column":62}},"56":{"start":{"line":97,"column":6},"end":{"line":97,"column":55}},"57":{"start":{"line":101,"column":27},"end":{"line":113,"column":1}},"58":{"start":{"line":102,"column":2},"end":{"line":112,"column":3}},"59":{"start":{"line":103,"column":19},"end":{"line":103,"column":29}},"60":{"start":{"line":104,"column":19},"end":{"line":104,"column":60}},"61":{"start":{"line":105,"column":4},"end":{"line":105,"column":46}},"62":{"start":{"line":107,"column":4},"end":{"line":111,"column":5}},"63":{"start":{"line":108,"column":6},"end":{"line":108,"column":62}},"64":{"start":{"line":110,"column":6},"end":{"line":110,"column":55}},"65":{"start":{"line":114,"column":22},"end":{"line":126,"column":1}},"66":{"start":{"line":115,"column":2},"end":{"line":125,"column":3}},"67":{"start":{"line":116,"column":46},"end":{"line":116,"column":67}},"68":{"start":{"line":117,"column":19},"end":{"line":117,"column":82}},"69":{"start":{"line":118,"column":4},"end":{"line":118,"column":46}},"70":{"start":{"line":120,"column":4},"end":{"line":124,"column":5}},"71":{"start":{"line":121,"column":6},"end":{"line":121,"column":62}},"72":{"start":{"line":123,"column":6},"end":{"line":123,"column":55}},"73":{"start":{"line":128,"column":32},"end":{"line":141,"column":1}},"74":{"start":{"line":129,"column":2},"end":{"line":140,"column":3}},"75":{"start":{"line":130,"column":19},"end":{"line":130,"column":29}},"76":{"start":{"line":131,"column":31},"end":{"line":131,"column":39}},"77":{"start":{"line":132,"column":19},"end":{"line":132,"column":76}},"78":{"start":{"line":133,"column":4},"end":{"line":133,"column":46}},"79":{"start":{"line":135,"column":4},"end":{"line":139,"column":5}},"80":{"start":{"line":136,"column":6},"end":{"line":136,"column":62}},"81":{"start":{"line":138,"column":6},"end":{"line":138,"column":55}},"82":{"start":{"line":143,"column":30},"end":{"line":155,"column":1}},"83":{"start":{"line":144,"column":2},"end":{"line":154,"column":3}},"84":{"start":{"line":145,"column":32},"end":{"line":145,"column":40}},"85":{"start":{"line":146,"column":19},"end":{"line":146,"column":76}},"86":{"start":{"line":147,"column":4},"end":{"line":147,"column":46}},"87":{"start":{"line":149,"column":4},"end":{"line":153,"column":5}},"88":{"start":{"line":150,"column":6},"end":{"line":150,"column":62}},"89":{"start":{"line":152,"column":6},"end":{"line":152,"column":55}},"90":{"start":{"line":157,"column":0},"end":{"line":169,"column":2}}},"fnMap":{"0":{"name":"(anonymous_0)","decl":{"start":{"line":4,"column":26},"end":{"line":4,"column":27}},"loc":{"start":{"line":4,"column":46},"end":{"line":17,"column":1}},"line":4},"1":{"name":"(anonymous_1)","decl":{"start":{"line":19,"column":23},"end":{"line":19,"column":24}},"loc":{"start":{"line":19,"column":43},"end":{"line":31,"column":1}},"line":19},"2":{"name":"(anonymous_2)","decl":{"start":{"line":33,"column":31},"end":{"line":33,"column":32}},"loc":{"start":{"line":33,"column":51},"end":{"line":44,"column":1}},"line":33},"3":{"name":"(anonymous_3)","decl":{"start":{"line":46,"column":40},"end":{"line":46,"column":41}},"loc":{"start":{"line":46,"column":60},"end":{"line":58,"column":1}},"line":46},"4":{"name":"(anonymous_4)","decl":{"start":{"line":60,"column":32},"end":{"line":60,"column":33}},"loc":{"start":{"line":60,"column":52},"end":{"line":72,"column":1}},"line":60},"5":{"name":"(anonymous_5)","decl":{"start":{"line":74,"column":35},"end":{"line":74,"column":36}},"loc":{"start":{"line":74,"column":55},"end":{"line":86,"column":1}},"line":74},"6":{"name":"(anonymous_6)","decl":{"start":{"line":88,"column":29},"end":{"line":88,"column":30}},"loc":{"start":{"line":88,"column":49},"end":{"line":100,"column":1}},"line":88},"7":{"name":"(anonymous_7)","decl":{"start":{"line":101,"column":27},"end":{"line":101,"column":28}},"loc":{"start":{"line":101,"column":47},"end":{"line":113,"column":1}},"line":101},"8":{"name":"(anonymous_8)","decl":{"start":{"line":114,"column":22},"end":{"line":114,"column":23}},"loc":{"start":{"line":114,"column":42},"end":{"line":126,"column":1}},"line":114},"9":{"name":"(anonymous_9)","decl":{"start":{"line":128,"column":32},"end":{"line":128,"column":33}},"loc":{"start":{"line":128,"column":52},"end":{"line":141,"column":1}},"line":128},"10":{"name":"(anonymous_10)","decl":{"start":{"line":143,"column":30},"end":{"line":143,"column":31}},"loc":{"start":{"line":143,"column":50},"end":{"line":155,"column":1}},"line":143}},"branchMap":{"0":{"loc":{"start":{"line":11,"column":4},"end":{"line":15,"column":5}},"type":"if","locations":[{"start":{"line":11,"column":4},"end":{"line":15,"column":5}},{"start":{"line":13,"column":11},"end":{"line":15,"column":5}}],"line":11},"1":{"loc":{"start":{"line":25,"column":4},"end":{"line":29,"column":5}},"type":"if","locations":[{"start":{"line":25,"column":4},"end":{"line":29,"column":5}},{"start":{"line":27,"column":11},"end":{"line":29,"column":5}}],"line":25},"2":{"loc":{"start":{"line":38,"column":4},"end":{"line":42,"column":5}},"type":"if","locations":[{"start":{"line":38,"column":4},"end":{"line":42,"column":5}},{"start":{"line":40,"column":11},"end":{"line":42,"column":5}}],"line":38},"3":{"loc":{"start":{"line":52,"column":4},"end":{"line":56,"column":5}},"type":"if","locations":[{"start":{"line":52,"column":4},"end":{"line":56,"column":5}},{"start":{"line":54,"column":11},"end":{"line":56,"column":5}}],"line":52},"4":{"loc":{"start":{"line":66,"column":4},"end":{"line":70,"column":5}},"type":"if","locations":[{"start":{"line":66,"column":4},"end":{"line":70,"column":5}},{"start":{"line":68,"column":11},"end":{"line":70,"column":5}}],"line":66},"5":{"loc":{"start":{"line":80,"column":4},"end":{"line":84,"column":5}},"type":"if","locations":[{"start":{"line":80,"column":4},"end":{"line":84,"column":5}},{"start":{"line":82,"column":11},"end":{"line":84,"column":5}}],"line":80},"6":{"loc":{"start":{"line":94,"column":4},"end":{"line":98,"column":5}},"type":"if","locations":[{"start":{"line":94,"column":4},"end":{"line":98,"column":5}},{"start":{"line":96,"column":11},"end":{"line":98,"column":5}}],"line":94},"7":{"loc":{"start":{"line":107,"column":4},"end":{"line":111,"column":5}},"type":"if","locations":[{"start":{"line":107,"column":4},"end":{"line":111,"column":5}},{"start":{"line":109,"column":11},"end":{"line":111,"column":5}}],"line":107},"8":{"loc":{"start":{"line":120,"column":4},"end":{"line":124,"column":5}},"type":"if","locations":[{"start":{"line":120,"column":4},"end":{"line":124,"column":5}},{"start":{"line":122,"column":11},"end":{"line":124,"column":5}}],"line":120},"9":{"loc":{"start":{"line":135,"column":4},"end":{"line":139,"column":5}},"type":"if","locations":[{"start":{"line":135,"column":4},"end":{"line":139,"column":5}},{"start":{"line":137,"column":11},"end":{"line":139,"column":5}}],"line":135},"10":{"loc":{"start":{"line":149,"column":4},"end":{"line":153,"column":5}},"type":"if","locations":[{"start":{"line":149,"column":4},"end":{"line":153,"column":5}},{"start":{"line":151,"column":11},"end":{"line":153,"column":5}}],"line":149}},"s":{"0":1,"1":1,"2":1,"3":3,"4":3,"5":3,"6":1,"7":2,"8":1,"9":1,"10":1,"11":4,"12":4,"13":4,"14":1,"15":3,"16":2,"17":1,"18":1,"19":3,"20":3,"21":1,"22":2,"23":1,"24":1,"25":1,"26":3,"27":3,"28":3,"29":1,"30":2,"31":1,"32":1,"33":1,"34":3,"35":3,"36":3,"37":1,"38":2,"39":1,"40":1,"41":1,"42":3,"43":3,"44":3,"45":1,"46":2,"47":1,"48":1,"49":1,"50":3,"51":3,"52":3,"53":1,"54":2,"55":1,"56":1,"57":1,"58":2,"59":2,"60":2,"61":1,"62":1,"63":0,"64":1,"65":1,"66":3,"67":3,"68":3,"69":1,"70":2,"71":1,"72":1,"73":1,"74":2,"75":2,"76":2,"77":2,"78":1,"79":1,"80":0,"81":1,"82":1,"83":2,"84":2,"85":2,"86":1,"87":1,"88":0,"89":1,"90":1},"f":{"0":3,"1":4,"2":3,"3":3,"4":3,"5":3,"6":3,"7":2,"8":3,"9":2,"10":2},"b":{"0":[1,1],"1":[2,1],"2":[1,1],"3":[1,1],"4":[1,1],"5":[1,1],"6":[1,1],"7":[0,1],"8":[1,1],"9":[0,1],"10":[0,1]},"_coverageSchema":"1a1c01bbd47fc00a2c39e90264f33305004495a9","hash":"4cdc2dd9956153a143d913894b122aaec1b46f21"}
,"/Users/Kamaleshen_S/codeAcademy/frontend/eval-4/backend/src/services/addContentType.js": {"path":"/Users/Kamaleshen_S/codeAcademy/frontend/eval-4/backend/src/services/addContentType.js","statementMap":{"0":{"start":{"line":1,"column":41},"end":{"line":1,"column":73}},"1":{"start":{"line":2,"column":18},"end":{"line":2,"column":47}},"2":{"start":{"line":5,"column":33},"end":{"line":15,"column":1}},"3":{"start":{"line":6,"column":30},"end":{"line":8,"column":4}},"4":{"start":{"line":10,"column":2},"end":{"line":12,"column":3}},"5":{"start":{"line":11,"column":4},"end":{"line":11,"column":59}},"6":{"start":{"line":13,"column":19},"end":{"line":13,"column":49}},"7":{"start":{"line":14,"column":2},"end":{"line":14,"column":18}},"8":{"start":{"line":17,"column":35},"end":{"line":33,"column":1}},"9":{"start":{"line":18,"column":30},"end":{"line":20,"column":4}},"10":{"start":{"line":21,"column":2},"end":{"line":23,"column":3}},"11":{"start":{"line":22,"column":4},"end":{"line":22,"column":61}},"12":{"start":{"line":24,"column":27},"end":{"line":26,"column":4}},"13":{"start":{"line":28,"column":2},"end":{"line":30,"column":3}},"14":{"start":{"line":29,"column":4},"end":{"line":29,"column":55}},"15":{"start":{"line":31,"column":19},"end":{"line":31,"column":53}},"16":{"start":{"line":32,"column":2},"end":{"line":32,"column":18}},"17":{"start":{"line":35,"column":31},"end":{"line":44,"column":1}},"18":{"start":{"line":36,"column":21},"end":{"line":38,"column":4}},"19":{"start":{"line":39,"column":2},"end":{"line":41,"column":3}},"20":{"start":{"line":40,"column":4},"end":{"line":40,"column":55}},"21":{"start":{"line":43,"column":2},"end":{"line":43,"column":20}},"22":{"start":{"line":46,"column":24},"end":{"line":57,"column":1}},"23":{"start":{"line":47,"column":21},"end":{"line":50,"column":4}},"24":{"start":{"line":51,"column":2},"end":{"line":51,"column":39}},"25":{"start":{"line":56,"column":2},"end":{"line":56,"column":20}},"26":{"start":{"line":59,"column":25},"end":{"line":75,"column":1}},"27":{"start":{"line":60,"column":21},"end":{"line":63,"column":4}},"28":{"start":{"line":64,"column":17},"end":{"line":64,"column":52}},"29":{"start":{"line":65,"column":2},"end":{"line":65,"column":24}},"30":{"start":{"line":66,"column":19},"end":{"line":68,"column":4}},"31":{"start":{"line":69,"column":2},"end":{"line":69,"column":49}},"32":{"start":{"line":71,"column":2},"end":{"line":73,"column":3}},"33":{"start":{"line":72,"column":4},"end":{"line":72,"column":71}},"34":{"start":{"line":74,"column":2},"end":{"line":74,"column":18}},"35":{"start":{"line":77,"column":41},"end":{"line":87,"column":1}},"36":{"start":{"line":78,"column":26},"end":{"line":78,"column":58}},"37":{"start":{"line":79,"column":2},"end":{"line":86,"column":3}},"38":{"start":{"line":80,"column":35},"end":{"line":80,"column":50}},"39":{"start":{"line":81,"column":4},"end":{"line":81,"column":34}},"40":{"start":{"line":82,"column":21},"end":{"line":84,"column":6}},"41":{"start":{"line":85,"column":4},"end":{"line":85,"column":34}},"42":{"start":{"line":90,"column":28},"end":{"line":112,"column":1}},"43":{"start":{"line":91,"column":21},"end":{"line":94,"column":4}},"44":{"start":{"line":95,"column":2},"end":{"line":95,"column":37}},"45":{"start":{"line":96,"column":17},"end":{"line":96,"column":52}},"46":{"start":{"line":97,"column":2},"end":{"line":97,"column":33}},"47":{"start":{"line":98,"column":2},"end":{"line":98,"column":26}},"48":{"start":{"line":99,"column":2},"end":{"line":99,"column":31}},"49":{"start":{"line":100,"column":19},"end":{"line":102,"column":4}},"50":{"start":{"line":103,"column":2},"end":{"line":103,"column":35}},"51":{"start":{"line":104,"column":2},"end":{"line":104,"column":52}},"52":{"start":{"line":105,"column":2},"end":{"line":105,"column":37}},"53":{"start":{"line":107,"column":2},"end":{"line":109,"column":3}},"54":{"start":{"line":108,"column":4},"end":{"line":108,"column":71}},"55":{"start":{"line":110,"column":2},"end":{"line":110,"column":38}},"56":{"start":{"line":111,"column":2},"end":{"line":111,"column":18}},"57":{"start":{"line":114,"column":38},"end":{"line":124,"column":1}},"58":{"start":{"line":115,"column":26},"end":{"line":115,"column":58}},"59":{"start":{"line":116,"column":2},"end":{"line":123,"column":3}},"60":{"start":{"line":117,"column":35},"end":{"line":117,"column":50}},"61":{"start":{"line":118,"column":4},"end":{"line":118,"column":33}},"62":{"start":{"line":119,"column":21},"end":{"line":121,"column":6}},"63":{"start":{"line":122,"column":4},"end":{"line":122,"column":34}},"64":{"start":{"line":127,"column":23},"end":{"line":135,"column":1}},"65":{"start":{"line":128,"column":19},"end":{"line":128,"column":72}},"66":{"start":{"line":129,"column":2},"end":{"line":129,"column":41}},"67":{"start":{"line":130,"column":2},"end":{"line":133,"column":3}},"68":{"start":{"line":131,"column":4},"end":{"line":131,"column":69}},"69":{"start":{"line":134,"column":2},"end":{"line":134,"column":18}},"70":{"start":{"line":137,"column":23},"end":{"line":141,"column":1}},"71":{"start":{"line":138,"column":19},"end":{"line":138,"column":67}},"72":{"start":{"line":139,"column":2},"end":{"line":139,"column":41}},"73":{"start":{"line":140,"column":2},"end":{"line":140,"column":18}},"74":{"start":{"line":143,"column":18},"end":{"line":167,"column":1}},"75":{"start":{"line":144,"column":2},"end":{"line":144,"column":47}},"76":{"start":{"line":145,"column":21},"end":{"line":148,"column":4}},"77":{"start":{"line":149,"column":2},"end":{"line":149,"column":37}},"78":{"start":{"line":150,"column":17},"end":{"line":150,"column":52}},"79":{"start":{"line":151,"column":2},"end":{"line":151,"column":33}},"80":{"start":{"line":152,"column":2},"end":{"line":152,"column":26}},"81":{"start":{"line":153,"column":2},"end":{"line":153,"column":31}},"82":{"start":{"line":154,"column":2},"end":{"line":154,"column":24}},"83":{"start":{"line":155,"column":19},"end":{"line":157,"column":4}},"84":{"start":{"line":158,"column":2},"end":{"line":158,"column":35}},"85":{"start":{"line":159,"column":2},"end":{"line":159,"column":60}},"86":{"start":{"line":160,"column":2},"end":{"line":160,"column":37}},"87":{"start":{"line":162,"column":2},"end":{"line":164,"column":3}},"88":{"start":{"line":163,"column":4},"end":{"line":163,"column":71}},"89":{"start":{"line":165,"column":2},"end":{"line":165,"column":38}},"90":{"start":{"line":166,"column":2},"end":{"line":166,"column":18}},"91":{"start":{"line":170,"column":36},"end":{"line":182,"column":1}},"92":{"start":{"line":171,"column":26},"end":{"line":171,"column":58}},"93":{"start":{"line":172,"column":2},"end":{"line":181,"column":3}},"94":{"start":{"line":173,"column":35},"end":{"line":173,"column":50}},"95":{"start":{"line":174,"column":18},"end":{"line":174,"column":42}},"96":{"start":{"line":175,"column":4},"end":{"line":175,"column":36}},"97":{"start":{"line":176,"column":4},"end":{"line":176,"column":37}},"98":{"start":{"line":177,"column":21},"end":{"line":179,"column":6}},"99":{"start":{"line":180,"column":4},"end":{"line":180,"column":34}},"100":{"start":{"line":184,"column":23},"end":{"line":190,"column":1}},"101":{"start":{"line":185,"column":19},"end":{"line":187,"column":4}},"102":{"start":{"line":188,"column":2},"end":{"line":188,"column":32}},"103":{"start":{"line":189,"column":2},"end":{"line":189,"column":18}},"104":{"start":{"line":192,"column":26},"end":{"line":197,"column":1}},"105":{"start":{"line":193,"column":19},"end":{"line":195,"column":4}},"106":{"start":{"line":196,"column":2},"end":{"line":196,"column":18}},"107":{"start":{"line":200,"column":0},"end":{"line":212,"column":2}}},"fnMap":{"0":{"name":"(anonymous_0)","decl":{"start":{"line":5,"column":33},"end":{"line":5,"column":34}},"loc":{"start":{"line":5,"column":49},"end":{"line":15,"column":1}},"line":5},"1":{"name":"(anonymous_1)","decl":{"start":{"line":17,"column":35},"end":{"line":17,"column":36}},"loc":{"start":{"line":17,"column":51},"end":{"line":33,"column":1}},"line":17},"2":{"name":"(anonymous_2)","decl":{"start":{"line":35,"column":31},"end":{"line":35,"column":32}},"loc":{"start":{"line":35,"column":43},"end":{"line":44,"column":1}},"line":35},"3":{"name":"(anonymous_3)","decl":{"start":{"line":46,"column":24},"end":{"line":46,"column":25}},"loc":{"start":{"line":46,"column":45},"end":{"line":57,"column":1}},"line":46},"4":{"name":"(anonymous_4)","decl":{"start":{"line":59,"column":25},"end":{"line":59,"column":26}},"loc":{"start":{"line":59,"column":49},"end":{"line":75,"column":1}},"line":59},"5":{"name":"(anonymous_5)","decl":{"start":{"line":77,"column":41},"end":{"line":77,"column":42}},"loc":{"start":{"line":77,"column":72},"end":{"line":87,"column":1}},"line":77},"6":{"name":"(anonymous_6)","decl":{"start":{"line":90,"column":28},"end":{"line":90,"column":29}},"loc":{"start":{"line":90,"column":52},"end":{"line":112,"column":1}},"line":90},"7":{"name":"(anonymous_7)","decl":{"start":{"line":114,"column":38},"end":{"line":114,"column":39}},"loc":{"start":{"line":114,"column":66},"end":{"line":124,"column":1}},"line":114},"8":{"name":"(anonymous_8)","decl":{"start":{"line":127,"column":23},"end":{"line":127,"column":24}},"loc":{"start":{"line":127,"column":46},"end":{"line":135,"column":1}},"line":127},"9":{"name":"(anonymous_9)","decl":{"start":{"line":137,"column":23},"end":{"line":137,"column":24}},"loc":{"start":{"line":137,"column":37},"end":{"line":141,"column":1}},"line":137},"10":{"name":"(anonymous_10)","decl":{"start":{"line":143,"column":18},"end":{"line":143,"column":19}},"loc":{"start":{"line":143,"column":52},"end":{"line":167,"column":1}},"line":143},"11":{"name":"(anonymous_11)","decl":{"start":{"line":170,"column":36},"end":{"line":170,"column":37}},"loc":{"start":{"line":170,"column":77},"end":{"line":182,"column":1}},"line":170},"12":{"name":"(anonymous_12)","decl":{"start":{"line":184,"column":23},"end":{"line":184,"column":24}},"loc":{"start":{"line":184,"column":53},"end":{"line":190,"column":1}},"line":184},"13":{"name":"(anonymous_13)","decl":{"start":{"line":192,"column":26},"end":{"line":192,"column":27}},"loc":{"start":{"line":192,"column":53},"end":{"line":197,"column":1}},"line":192}},"branchMap":{"0":{"loc":{"start":{"line":10,"column":2},"end":{"line":12,"column":3}},"type":"if","locations":[{"start":{"line":10,"column":2},"end":{"line":12,"column":3}},{"start":{},"end":{}}],"line":10},"1":{"loc":{"start":{"line":21,"column":2},"end":{"line":23,"column":3}},"type":"if","locations":[{"start":{"line":21,"column":2},"end":{"line":23,"column":3}},{"start":{},"end":{}}],"line":21},"2":{"loc":{"start":{"line":28,"column":2},"end":{"line":30,"column":3}},"type":"if","locations":[{"start":{"line":28,"column":2},"end":{"line":30,"column":3}},{"start":{},"end":{}}],"line":28},"3":{"loc":{"start":{"line":39,"column":2},"end":{"line":41,"column":3}},"type":"if","locations":[{"start":{"line":39,"column":2},"end":{"line":41,"column":3}},{"start":{},"end":{}}],"line":39},"4":{"loc":{"start":{"line":71,"column":2},"end":{"line":73,"column":3}},"type":"if","locations":[{"start":{"line":71,"column":2},"end":{"line":73,"column":3}},{"start":{},"end":{}}],"line":71},"5":{"loc":{"start":{"line":107,"column":2},"end":{"line":109,"column":3}},"type":"if","locations":[{"start":{"line":107,"column":2},"end":{"line":109,"column":3}},{"start":{},"end":{}}],"line":107},"6":{"loc":{"start":{"line":130,"column":2},"end":{"line":133,"column":3}},"type":"if","locations":[{"start":{"line":130,"column":2},"end":{"line":133,"column":3}},{"start":{},"end":{}}],"line":130},"7":{"loc":{"start":{"line":162,"column":2},"end":{"line":164,"column":3}},"type":"if","locations":[{"start":{"line":162,"column":2},"end":{"line":164,"column":3}},{"start":{},"end":{}}],"line":162}},"s":{"0":2,"1":2,"2":2,"3":2,"4":2,"5":1,"6":1,"7":1,"8":2,"9":3,"10":3,"11":1,"12":2,"13":2,"14":1,"15":1,"16":1,"17":2,"18":2,"19":2,"20":1,"21":1,"22":2,"23":1,"24":1,"25":1,"26":2,"27":0,"28":0,"29":0,"30":0,"31":0,"32":0,"33":0,"34":0,"35":2,"36":0,"37":0,"38":0,"39":0,"40":0,"41":0,"42":2,"43":0,"44":0,"45":0,"46":0,"47":0,"48":0,"49":0,"50":0,"51":0,"52":0,"53":0,"54":0,"55":0,"56":0,"57":2,"58":0,"59":0,"60":0,"61":0,"62":0,"63":0,"64":2,"65":2,"66":2,"67":2,"68":1,"69":1,"70":2,"71":1,"72":1,"73":1,"74":2,"75":0,"76":0,"77":0,"78":0,"79":0,"80":0,"81":0,"82":0,"83":0,"84":0,"85":0,"86":0,"87":0,"88":0,"89":0,"90":0,"91":2,"92":0,"93":0,"94":0,"95":0,"96":0,"97":0,"98":0,"99":0,"100":2,"101":1,"102":1,"103":1,"104":2,"105":1,"106":1,"107":2},"f":{"0":2,"1":3,"2":2,"3":1,"4":0,"5":0,"6":0,"7":0,"8":2,"9":1,"10":0,"11":0,"12":1,"13":1},"b":{"0":[1,1],"1":[1,2],"2":[1,1],"3":[1,1],"4":[0,0],"5":[0,0],"6":[1,1],"7":[0,0]},"_coverageSchema":"1a1c01bbd47fc00a2c39e90264f33305004495a9","hash":"d4e5612f525e101630a0df761bfe641c8a5da86c"}
,"/Users/Kamaleshen_S/codeAcademy/frontend/eval-4/backend/src/utils/httpError.js": {"path":"/Users/Kamaleshen_S/codeAcademy/frontend/eval-4/backend/src/utils/httpError.js","statementMap":{"0":{"start":{"line":3,"column":4},"end":{"line":3,"column":19}},"1":{"start":{"line":4,"column":4},"end":{"line":4,"column":27}},"2":{"start":{"line":5,"column":4},"end":{"line":5,"column":21}},"3":{"start":{"line":9,"column":0},"end":{"line":9,"column":27}}},"fnMap":{"0":{"name":"(anonymous_0)","decl":{"start":{"line":2,"column":2},"end":{"line":2,"column":3}},"loc":{"start":{"line":2,"column":29},"end":{"line":6,"column":3}},"line":2}},"branchMap":{},"s":{"0":19,"1":19,"2":19,"3":2},"f":{"0":19},"b":{},"_coverageSchema":"1a1c01bbd47fc00a2c39e90264f33305004495a9","hash":"7d3508ff5245c6a277843882a1cd16fd2226f96c"}
}
