TN:
SF:database/models/collectionvalue.js
FN:5,(anonymous_0)
FN:12,(anonymous_1)
FNF:2
FNH:2
FNDA:2,(anonymous_0)
FNDA:2,(anonymous_1)
DA:4,2
DA:5,2
DA:14,2
DA:20,2
DA:27,2
LF:5
LH:5
BRF:0
BRH:0
end_of_record
TN:
SF:database/models/contenttype.js
FN:5,(anonymous_0)
FN:12,(anonymous_1)
FNF:2
FNH:2
FNDA:2,(anonymous_0)
FNDA:2,(anonymous_1)
DA:4,2
DA:5,2
DA:14,2
DA:19,2
DA:29,2
LF:5
LH:5
BRF:0
BRH:0
end_of_record
TN:
SF:database/models/index.js
FN:21,(anonymous_0)
FN:29,(anonymous_1)
FN:34,(anonymous_2)
FNF:3
FNH:3
FNDA:6,(anonymous_0)
FNDA:4,(anonymous_1)
FNDA:4,(anonymous_2)
DA:3,2
DA:4,2
DA:5,2
DA:6,2
DA:7,2
DA:8,2
DA:9,2
DA:10,2
DA:13,2
DA:14,0
DA:16,2
DA:19,2
DA:22,6
DA:30,4
DA:31,4
DA:34,2
DA:35,4
DA:36,4
DA:40,2
DA:41,2
DA:43,2
LF:21
LH:20
BRDA:8,0,0,2
BRDA:8,0,1,0
BRDA:13,1,0,0
BRDA:13,1,1,2
BRDA:23,2,0,6
BRDA:23,2,1,6
BRDA:23,2,2,4
BRDA:23,2,3,4
BRDA:35,3,0,4
BRDA:35,3,1,0
BRF:10
BRH:7
end_of_record
TN:
SF:src/controllers/createContentType.js
FN:4,(anonymous_0)
FN:19,(anonymous_1)
FN:33,(anonymous_2)
FN:46,(anonymous_3)
FN:60,(anonymous_4)
FN:74,(anonymous_5)
FN:88,(anonymous_6)
FN:101,(anonymous_7)
FN:114,(anonymous_8)
FN:128,(anonymous_9)
FN:143,(anonymous_10)
FNF:11
FNH:11
FNDA:3,(anonymous_0)
FNDA:4,(anonymous_1)
FNDA:3,(anonymous_2)
FNDA:3,(anonymous_3)
FNDA:3,(anonymous_4)
FNDA:3,(anonymous_5)
FNDA:3,(anonymous_6)
FNDA:2,(anonymous_7)
FNDA:3,(anonymous_8)
FNDA:2,(anonymous_9)
FNDA:2,(anonymous_10)
DA:1,1
DA:2,1
DA:4,1
DA:5,3
DA:7,3
DA:8,3
DA:9,1
DA:11,2
DA:12,1
DA:14,1
DA:19,1
DA:20,4
DA:21,4
DA:22,4
DA:23,1
DA:25,3
DA:26,2
DA:28,1
DA:33,1
DA:34,3
DA:35,3
DA:36,1
DA:38,2
DA:39,1
DA:41,1
DA:46,1
DA:47,3
DA:48,3
DA:49,3
DA:50,1
DA:52,2
DA:53,1
DA:55,1
DA:60,1
DA:61,3
DA:62,3
DA:63,3
DA:64,1
DA:66,2
DA:67,1
DA:69,1
DA:74,1
DA:75,3
DA:76,3
DA:77,3
DA:78,1
DA:80,2
DA:81,1
DA:83,1
DA:88,1
DA:89,3
DA:90,3
DA:91,3
DA:92,1
DA:94,2
DA:95,1
DA:97,1
DA:101,1
DA:102,2
DA:103,2
DA:104,2
DA:105,1
DA:107,1
DA:108,0
DA:110,1
DA:114,1
DA:115,3
DA:116,3
DA:117,3
DA:118,1
DA:120,2
DA:121,1
DA:123,1
DA:128,1
DA:129,2
DA:130,2
DA:131,2
DA:132,2
DA:133,1
DA:135,1
DA:136,0
DA:138,1
DA:143,1
DA:144,2
DA:145,2
DA:146,2
DA:147,1
DA:149,1
DA:150,0
DA:152,1
DA:157,1
LF:91
LH:88
BRDA:11,0,0,1
BRDA:11,0,1,1
BRDA:25,1,0,2
BRDA:25,1,1,1
BRDA:38,2,0,1
BRDA:38,2,1,1
BRDA:52,3,0,1
BRDA:52,3,1,1
BRDA:66,4,0,1
BRDA:66,4,1,1
BRDA:80,5,0,1
BRDA:80,5,1,1
BRDA:94,6,0,1
BRDA:94,6,1,1
BRDA:107,7,0,0
BRDA:107,7,1,1
BRDA:120,8,0,1
BRDA:120,8,1,1
BRDA:135,9,0,0
BRDA:135,9,1,1
BRDA:149,10,0,0
BRDA:149,10,1,1
BRF:22
BRH:19
end_of_record
TN:
SF:src/services/addContentType.js
FN:5,(anonymous_0)
FN:17,(anonymous_1)
FN:35,(anonymous_2)
FN:46,(anonymous_3)
FN:59,(anonymous_4)
FN:77,(anonymous_5)
FN:90,(anonymous_6)
FN:114,(anonymous_7)
FN:127,(anonymous_8)
FN:137,(anonymous_9)
FN:143,(anonymous_10)
FN:170,(anonymous_11)
FN:184,(anonymous_12)
FN:192,(anonymous_13)
FNF:14
FNH:8
FNDA:2,(anonymous_0)
FNDA:3,(anonymous_1)
FNDA:2,(anonymous_2)
FNDA:1,(anonymous_3)
FNDA:0,(anonymous_4)
FNDA:0,(anonymous_5)
FNDA:0,(anonymous_6)
FNDA:0,(anonymous_7)
FNDA:2,(anonymous_8)
FNDA:1,(anonymous_9)
FNDA:0,(anonymous_10)
FNDA:0,(anonymous_11)
FNDA:1,(anonymous_12)
FNDA:1,(anonymous_13)
DA:1,2
DA:2,2
DA:5,2
DA:6,2
DA:10,2
DA:11,1
DA:13,1
DA:14,1
DA:17,2
DA:18,3
DA:21,3
DA:22,1
DA:24,2
DA:28,2
DA:29,1
DA:31,1
DA:32,1
DA:35,2
DA:36,2
DA:39,2
DA:40,1
DA:43,1
DA:46,2
DA:47,1
DA:51,1
DA:56,1
DA:59,2
DA:60,0
DA:64,0
DA:65,0
DA:66,0
DA:69,0
DA:71,0
DA:72,0
DA:74,0
DA:77,2
DA:78,0
DA:79,0
DA:80,0
DA:81,0
DA:82,0
DA:85,0
DA:90,2
DA:91,0
DA:95,0
DA:96,0
DA:97,0
DA:98,0
DA:99,0
DA:100,0
DA:103,0
DA:104,0
DA:105,0
DA:107,0
DA:108,0
DA:110,0
DA:111,0
DA:114,2
DA:115,0
DA:116,0
DA:117,0
DA:118,0
DA:119,0
DA:122,0
DA:127,2
DA:128,2
DA:129,2
DA:130,2
DA:131,1
DA:134,1
DA:137,2
DA:138,1
DA:139,1
DA:140,1
DA:143,2
DA:144,0
DA:145,0
DA:149,0
DA:150,0
DA:151,0
DA:152,0
DA:153,0
DA:154,0
DA:155,0
DA:158,0
DA:159,0
DA:160,0
DA:162,0
DA:163,0
DA:165,0
DA:166,0
DA:170,2
DA:171,0
DA:172,0
DA:173,0
DA:174,0
DA:175,0
DA:176,0
DA:177,0
DA:180,0
DA:184,2
DA:185,1
DA:188,1
DA:189,1
DA:192,2
DA:193,1
DA:196,1
DA:200,2
LF:108
LH:50
BRDA:10,0,0,1
BRDA:10,0,1,1
BRDA:21,1,0,1
BRDA:21,1,1,2
BRDA:28,2,0,1
BRDA:28,2,1,1
BRDA:39,3,0,1
BRDA:39,3,1,1
BRDA:71,4,0,0
BRDA:71,4,1,0
BRDA:107,5,0,0
BRDA:107,5,1,0
BRDA:130,6,0,1
BRDA:130,6,1,1
BRDA:162,7,0,0
BRDA:162,7,1,0
BRF:16
BRH:10
end_of_record
TN:
SF:src/utils/httpError.js
FN:2,(anonymous_0)
FNF:1
FNH:1
FNDA:19,(anonymous_0)
DA:3,19
DA:4,19
DA:5,19
DA:9,2
LF:4
LH:4
BRF:0
BRH:0
end_of_record
